SequenceName	ClusterNumber
703	1
704	1
453	2
449	2
450	2
455	2
458	2
459	2
452	2
454	2
456	2
457	2
451	2
665	-1
697	3
701	3
698	3
695	3
696	3
702	3
700	3
699	3
658	4
655	4
661	4
651	4
663	4
659	4
654	4
660	4
662	4
657	4
652	4
656	4
653	4
469	5
649	5
633	5
692	5
691	5
625	5
632	5
626	5
634	5
624	5
627	5
548	6
422	6
421	6
420	6
424	6
418	6
549	6
550	6
417	6
423	6
419	6
77	7
667	7
668	7
688	-1
279	8
184	8
277	8
186	8
183	8
69	8
254	8
280	8
278	8
433	8
182	8
185	8
282	8
283	8
281	8
620	8
276	8
621	9
629	9
664	9
214	9
470	9
393	9
394	9
613	9
636	9
189	9
205	9
204	9
203	9
198	9
213	9
212	9
194	9
190	9
210	9
199	9
197	9
208	9
191	9
202	9
192	9
193	9
206	9
207	9
209	9
215	9
216	9
217	9
188	9
187	9
200	9
201	9
552	9
195	9
211	9
196	9
352	10
271	10
631	10
443	11
445	11
446	11
444	11
618	11
396	11
705	11
395	11
467	12
388	12
373	12
382	12
70	12
385	12
391	12
390	12
372	12
71	12
379	12
375	12
374	12
371	12
392	12
553	12
383	12
376	12
381	12
389	12
380	12
378	12
386	12
387	12
384	12
377	12
370	12
251	13
149	13
141	13
88	13
64	13
349	13
83	13
60	13
224	13
161	13
87	13
236	13
227	13
245	13
222	13
219	13
244	13
67	13
142	13
173	13
129	13
127	13
243	13
228	13
241	13
220	13
62	13
146	13
164	13
163	13
92	13
91	13
89	13
231	13
230	13
249	13
250	13
144	13
140	13
63	13
172	13
145	13
90	13
114	13
162	13
61	13
170	13
171	13
120	13
160	13
125	13
113	13
132	13
98	13
101	13
104	13
97	13
223	13
225	13
234	13
246	13
229	13
238	13
143	13
147	13
121	13
123	13
86	13
118	13
248	13
221	13
239	13
237	13
100	13
131	13
157	13
108	13
103	13
460	13
232	13
233	13
242	13
218	13
240	13
235	13
226	13
247	13
116	13
106	13
137	13
111	13
122	13
159	13
124	13
93	13
109	13
167	13
105	13
128	13
139	13
95	13
99	13
94	13
400	13
158	13
136	13
138	13
126	13
110	13
119	13
96	13
115	13
112	13
102	13
401	13
117	13
134	13
130	13
107	13
135	13
133	13
85	14
66	14
148	14
461	14
169	14
84	14
168	14
65	14
59	14
166	14
165	14
270	15
547	15
689	15
448	15
518	15
517	15
68	15
431	15
683	15
272	15
397	16
551	16
546	-1
339	17
347	17
332	17
346	17
342	17
345	17
331	17
340	17
338	17
326	17
336	17
322	17
324	17
344	17
348	17
310	17
317	17
333	17
309	17
306	17
311	17
343	17
318	17
312	17
335	17
337	17
304	17
319	17
341	17
315	17
327	17
321	17
329	17
305	17
307	17
334	17
325	17
328	17
314	17
313	17
308	17
320	17
316	17
669	17
330	17
323	17
685	-1
434	18
81	18
82	18
80	18
486	19
485	19
510	19
515	19
506	19
514	19
497	19
495	19
511	19
488	19
498	19
512	19
513	19
508	19
471	19
502	19
475	19
509	19
476	19
472	19
474	19
545	19
478	19
479	19
500	19
503	19
507	19
504	19
524	19
523	19
477	19
499	19
480	19
526	19
537	19
525	19
473	19
539	19
534	19
527	19
505	19
489	19
540	19
542	19
544	19
481	19
492	19
482	19
487	19
533	19
541	19
491	19
493	19
536	19
538	19
490	19
483	19
529	19
496	19
543	19
535	19
501	19
484	19
530	19
531	19
528	19
494	19
532	19
288	20
614	20
415	20
274	21
285	21
286	21
284	21
411	21
407	21
670	21
406	21
403	21
413	21
409	21
405	21
412	21
414	21
410	21
404	21
408	21
255	22
522	22
465	23
181	23
399	23
176	23
398	23
72	23
686	23
259	23
256	23
258	23
177	23
178	23
175	23
257	23
585	23
266	23
263	23
179	23
180	23
260	23
268	23
265	23
267	23
264	23
262	23
261	23
617	24
520	24
287	24
57	25
430	25
428	25
619	25
429	25
56	25
55	25
51	25
54	26
671	26
353	26
174	26
275	26
273	27
52	27
53	27
50	27
48	27
49	27
76	28
42	28
46	28
45	29
40	29
73	29
682	30
44	30
14	31
33	31
38	31
15	31
10	31
9	31
17	31
37	31
4	31
25	31
21	31
22	31
16	31
41	31
8	31
32	31
29	31
23	31
30	31
0	31
1	31
27	31
3	31
11	31
6	31
12	31
34	31
28	31
7	31
19	31
36	31
20	31
5	31
13	31
2	31
26	31
24	31
18	31
35	31
31	31
39	32
47	32
43	32
425	32
79	32
578	33
622	33
580	33
571	33
574	33
567	33
566	33
577	33
572	33
623	33
579	33
563	33
560	34
573	34
570	34
562	34
581	34
565	34
575	34
564	34
557	34
561	34
569	34
556	34
555	34
576	34
568	34
559	34
558	34
554	34
690	35
635	35
615	36
616	36
597	36
416	36
584	36
583	36
58	37
466	37
252	38
253	38
516	39
74	39
582	39
75	39
681	39
432	39
447	39
402	40
78	40
694	40
521	40
269	40
673	41
426	41
427	41
680	41
679	41
676	41
672	41
677	41
674	41
675	41
678	41
628	42
468	42
351	42
350	42
595	42
153	42
156	42
588	42
155	42
151	42
152	42
589	42
590	42
586	42
154	42
150	42
592	42
591	42
593	42
594	42
596	42
587	42
666	-1
612	43
289	43
637	43
604	43
609	43
464	43
462	43
361	43
364	43
355	43
463	43
441	43
359	43
360	43
354	43
363	43
368	43
442	43
601	43
367	43
369	43
365	43
303	43
357	43
358	43
366	43
605	43
356	43
362	43
608	43
302	43
648	43
300	43
600	43
684	43
610	43
598	43
602	43
599	43
606	43
630	43
603	43
436	43
611	43
607	43
435	43
437	43
440	43
438	43
439	43
290	43
298	43
293	43
299	43
292	43
693	43
291	43
294	43
296	43
301	43
297	43
295	43
644	44
641	44
645	44
643	44
650	-1
687	45
647	45
639	45
646	45
638	45
642	45
519	45
640	45
