SequenceName	ClusterNumber
1020	1
1019	1
1205	1
1204	1
975	1
1206	1
1021	1
1018	1
1069	2
1067	2
1068	2
966	3
1150	3
964	3
913	3
965	3
934	3
918	3
919	3
922	3
917	3
915	3
928	3
916	3
920	3
914	3
921	3
961	3
968	3
1111	3
1182	4
1153	4
930	4
967	4
969	4
1151	4
1152	4
937	4
972	4
933	5
927	5
932	5
924	5
926	5
925	5
963	5
962	5
1293	6
1292	6
1295	6
1422	6
1288	6
1345	6
1339	6
1418	6
1347	6
1332	6
1343	6
1344	6
1331	6
1336	6
1369	6
1372	6
1370	6
1346	6
1294	6
1291	6
1285	6
1289	6
1368	6
1284	6
1287	6
1342	6
1286	6
1371	6
1419	6
1340	6
1335	6
1421	6
1348	6
1338	6
1341	6
1420	6
1337	6
1290	6
1376	-1
1272	7
1334	7
1233	7
1221	7
1377	7
1385	7
1220	7
1463	-1
1392	8
1404	8
1401	8
1402	8
1398	8
1396	8
1390	8
1397	8
1393	8
1395	8
1320	8
1394	8
1399	8
1384	8
1314	8
1403	8
1405	8
1382	8
1400	8
1319	9
1281	9
1183	9
1125	9
1044	9
1109	9
1103	9
1389	9
1278	9
1105	9
1275	9
1274	9
1049	9
1041	9
1104	9
1106	9
1107	9
1238	10
1413	10
1415	10
1210	10
1207	10
1186	10
1209	10
1208	10
1279	10
1187	10
1189	10
1188	10
1135	11
1114	11
1113	11
1117	11
1177	11
1201	11
1181	11
1124	11
1190	11
1130	11
1120	11
1321	11
1112	11
1115	11
1148	11
1350	11
1351	11
1196	11
1412	11
1140	11
1141	11
1116	11
1122	11
1121	11
1276	11
1192	11
1178	11
1136	11
1138	11
1123	11
1184	11
1271	11
1277	11
1173	11
1137	11
1195	11
1194	11
1193	11
1127	11
1131	11
1118	11
1202	11
1175	11
1191	11
1139	11
1180	11
1134	11
1146	11
1145	11
1326	11
1132	11
1200	11
1197	11
1179	11
1198	11
1199	11
1149	11
1176	11
1144	11
1147	11
1126	11
1133	11
1142	11
1143	11
1174	11
1129	11
1270	12
1172	12
1224	12
1223	12
1226	12
1222	12
1225	12
1108	13
1043	13
1229	13
1048	13
1119	13
1282	13
1333	13
1414	13
1046	13
1128	13
1042	13
1045	13
1047	13
1329	14
1307	14
1328	14
1327	14
1298	14
1302	14
1303	14
1300	14
1297	14
1299	14
1301	14
1309	14
1310	14
1308	14
1306	14
1305	14
1312	14
1311	14
1313	14
1304	14
1440	15
1442	15
1438	15
1437	15
1439	15
1441	15
1435	15
1436	15
1444	16
1446	16
1452	16
1447	16
1443	16
1445	16
1462	16
1453	16
1448	16
1459	16
1449	16
1455	16
1461	16
1457	16
1450	16
1460	16
1454	16
1451	16
1456	16
1458	16
1425	-1
1323	17
1379	17
1325	17
1381	17
1324	17
1322	17
1380	17
1330	18
1283	18
1280	18
1375	19
1374	19
1424	19
1423	19
1387	-1
1215	20
1217	20
1216	20
1213	20
1214	20
102	21
45	21
19	21
54	21
89	21
394	21
262	21
7	21
0	21
31	21
6	21
112	21
119	21
392	21
390	21
395	21
393	21
539	21
391	21
163	21
171	21
13	21
78	21
266	21
261	21
162	21
396	21
757	21
217	21
82	21
73	21
3	21
389	21
210	21
265	21
170	21
267	21
269	21
158	21
264	21
258	21
259	21
260	21
204	21
121	21
268	21
270	21
37	22
367	22
103	22
36	22
660	22
29	22
513	22
192	23
236	23
364	23
249	23
511	23
365	23
366	23
615	23
203	23
304	23
20	23
90	23
71	23
330	23
401	23
248	23
1	23
433	23
432	23
181	23
184	23
124	23
180	23
382	23
235	23
120	23
125	23
383	23
229	23
2	23
227	23
255	23
326	23
230	23
21	23
245	23
232	23
186	23
5	23
350	23
33	23
139	23
84	23
233	23
381	23
150	23
542	23
151	23
242	23
201	23
225	23
69	23
142	23
722	23
26	23
40	23
48	23
99	23
276	23
107	23
39	23
758	23
51	23
52	23
67	23
380	23
331	23
612	23
325	23
97	23
140	23
93	23
240	23
128	23
98	23
87	23
334	23
263	23
72	23
215	23
66	23
729	23
172	23
343	23
25	23
257	23
68	23
153	23
741	23
133	23
113	23
156	23
154	23
709	23
144	23
117	23
241	23
127	23
131	23
34	23
136	23
59	23
440	23
88	23
63	23
61	23
317	23
41	23
308	23
361	23
358	23
431	23
62	23
659	23
17	23
79	23
814	23
384	23
195	23
220	23
182	23
38	23
130	23
81	23
374	23
611	23
581	23
808	23
541	23
132	23
271	23
316	23
116	23
538	23
379	23
616	23
351	23
106	23
312	23
520	23
74	23
223	23
101	23
293	23
307	23
540	23
280	23
328	23
44	23
27	23
114	23
362	23
441	23
278	23
175	23
313	23
9	23
110	23
318	23
146	23
32	23
178	23
147	23
122	23
435	23
228	23
234	23
221	23
341	23
256	23
338	23
237	23
354	23
96	23
60	23
85	23
64	23
65	23
129	23
100	23
75	23
138	23
279	23
86	23
274	23
55	23
83	23
109	23
126	23
108	23
111	23
311	23
614	23
22	23
222	23
42	23
49	23
123	23
152	23
582	23
92	23
231	23
426	23
224	23
740	23
4	23
323	23
243	23
91	23
76	23
43	23
286	23
16	23
309	23
137	23
94	23
291	23
12	23
105	23
115	23
135	23
580	23
23	23
18	23
58	23
53	23
141	23
434	23
579	23
70	23
80	23
95	23
200	23
281	23
587	23
160	23
226	23
238	23
306	23
46	23
145	23
143	23
285	23
284	23
295	23
294	23
11	23
10	23
8	23
149	23
303	23
297	23
754	23
15	23
148	23
134	23
296	23
319	23
292	23
315	23
329	24
759	24
756	24
216	24
363	24
77	24
239	24
728	24
855	24
818	24
840	24
753	24
386	24
923	24
342	24
809	24
387	24
846	24
253	24
155	24
371	24
214	24
165	24
369	24
388	24
725	24
254	24
491	24
931	24
1316	24
1315	24
870	25
344	25
179	25
720	25
176	25
425	25
424	25
515	25
518	25
251	25
327	25
14	25
104	25
762	25
324	25
663	25
817	25
621	25
187	25
244	25
250	25
247	25
664	25
661	25
882	25
397	25
820	25
273	25
339	25
159	25
708	25
662	25
370	25
890	25
272	25
816	25
803	25
348	25
619	25
509	25
340	25
337	25
252	25
346	25
891	25
815	25
723	25
480	25
726	25
724	25
746	25
718	25
335	25
819	25
743	25
719	25
842	25
206	25
482	25
805	25
745	25
345	25
761	25
333	25
336	25
332	25
486	25
400	25
742	25
666	25
487	25
56	25
57	25
157	25
50	25
484	25
841	25
479	25
347	25
349	25
483	25
847	25
609	25
667	25
166	25
721	25
590	25
427	25
665	25
879	25
352	25
607	25
843	25
844	25
398	25
399	25
862	25
857	25
744	25
485	25
608	25
478	25
287	25
801	25
610	25
806	25
449	26
47	26
939	26
973	26
938	26
490	26
202	26
865	26
797	26
477	26
859	26
385	26
899	26
246	26
489	26
167	26
565	26
804	26
177	26
471	26
448	26
410	26
807	26
802	26
798	26
474	26
789	26
407	26
423	26
357	26
463	26
898	26
902	26
455	26
301	26
883	26
420	26
864	26
428	26
561	26
468	26
453	26
194	26
469	26
421	26
199	26
465	26
408	26
406	26
553	26
305	26
845	26
837	26
568	26
437	26
438	26
35	26
359	26
473	26
416	26
302	26
576	26
566	26
412	26
760	26
833	26
413	26
881	26
458	26
460	26
456	26
466	26
457	26
454	26
562	26
436	26
472	26
444	26
439	26
828	26
414	26
459	26
404	26
825	26
838	26
403	26
464	26
402	26
578	26
452	26
411	26
470	26
563	26
446	26
467	26
462	26
409	26
570	26
461	26
415	26
856	26
417	26
418	26
405	26
829	26
197	26
560	26
935	26
442	26
443	26
290	26
419	26
447	26
911	26
888	26
839	26
213	26
355	26
826	26
450	26
903	26
356	26
375	26
373	26
207	26
372	26
901	26
445	26
834	26
827	26
904	26
889	26
830	26
821	26
822	26
1416	26
906	26
907	26
886	26
451	26
831	26
823	26
893	26
835	26
824	26
905	26
912	26
569	26
774	26
277	26
787	26
887	26
866	26
832	26
836	26
884	26
782	26
574	26
548	26
551	26
772	26
546	26
764	26
788	26
314	26
766	26
768	26
867	26
552	26
310	26
571	26
564	26
860	26
575	26
786	26
554	26
547	26
475	26
770	26
550	26
549	26
545	26
193	26
790	26
941	26
872	26
321	26
861	26
378	26
780	26
873	26
894	26
543	26
377	26
516	26
769	26
572	26
422	26
555	26
577	26
559	26
767	26
773	26
771	26
779	26
558	26
556	26
777	26
776	26
765	26
567	26
188	26
557	26
544	26
573	26
476	26
219	26
783	26
320	26
298	26
794	26
299	26
778	26
796	26
212	26
785	26
792	26
791	26
793	26
795	26
784	26
775	26
763	26
209	26
781	26
208	26
1391	27
1378	27
1218	27
1219	27
942	27
943	27
946	27
945	27
944	27
716	28
717	28
940	28
747	28
620	28
908	28
909	28
584	28
622	28
282	28
532	28
618	28
519	28
510	28
481	28
189	28
488	28
617	28
800	28
799	28
118	28
737	28
885	28
646	28
168	28
643	28
322	28
691	28
690	28
353	28
521	28
211	28
656	28
727	28
900	28
508	28
812	28
748	28
910	28
283	28
876	28
699	28
704	28
185	28
850	28
512	28
875	28
533	28
811	28
596	28
506	28
196	28
517	28
897	28
595	28
892	28
169	28
645	28
654	28
629	28
633	28
653	28
429	28
368	28
874	28
636	28
530	28
702	28
751	28
736	28
583	28
648	28
190	28
848	28
644	28
174	28
613	28
639	28
638	28
623	28
275	28
191	28
878	28
877	28
631	28
637	28
686	28
705	28
679	28
603	28
712	28
605	28
597	28
600	28
499	28
625	28
630	28
627	28
657	28
634	28
503	28
164	28
585	28
711	28
738	28
522	28
507	28
698	28
591	28
593	28
863	28
592	28
604	28
594	28
714	28
205	28
514	28
853	28
494	28
501	28
880	28
496	28
495	28
602	28
695	28
218	28
198	28
498	28
289	28
851	28
642	28
849	28
650	28
652	28
655	28
936	28
896	28
626	28
658	28
628	28
684	28
703	28
668	28
701	28
713	28
749	28
598	28
671	28
739	28
300	28
632	28
535	28
624	28
635	28
683	28
692	28
693	28
676	28
680	28
681	28
752	28
710	28
689	28
670	28
669	28
599	28
537	28
536	28
589	28
525	28
173	28
852	28
854	28
640	28
534	28
606	28
586	28
502	28
161	28
360	28
641	28
647	28
869	28
813	28
858	28
732	28
731	28
685	28
675	28
678	28
694	28
682	28
696	28
528	28
649	28
376	28
500	28
810	28
24	28
28	28
493	28
505	28
651	28
871	28
868	28
734	28
735	28
730	28
733	28
672	28
523	28
715	28
707	28
601	28
750	28
30	28
497	28
504	28
183	28
492	28
673	28
674	28
688	28
526	28
430	28
588	28
524	28
700	28
531	28
697	28
687	28
527	28
706	28
529	28
677	28
979	29
1273	29
980	29
1017	30
1022	30
957	30
1230	31
1203	31
1026	31
1075	31
1098	31
1028	31
1101	31
1024	31
1032	31
1092	31
1027	31
1030	31
1077	31
1099	31
1100	31
1029	31
1427	31
1091	31
1076	31
1031	31
1093	31
1094	31
1085	32
1086	32
1025	32
978	32
895	32
1080	32
1078	32
755	32
1410	32
1057	32
1110	32
1058	32
1082	32
1081	32
1409	32
1089	32
1084	32
1083	32
1059	32
1060	32
1087	32
1088	32
1408	32
1079	32
1411	32
1231	33
985	33
288	33
1407	33
1097	33
984	33
983	33
982	33
970	33
950	33
1227	33
958	33
971	33
987	33
951	33
949	33
1061	33
947	33
1066	33
1064	33
960	33
1034	33
1023	33
952	33
954	33
948	33
955	33
1033	33
1062	33
1063	33
1054	33
1090	33
1006	33
989	33
1052	33
1065	33
1071	33
1185	33
1095	33
997	33
1212	33
1072	33
1016	33
1170	33
1011	33
1015	33
1014	33
988	33
996	33
993	33
991	33
1007	33
990	33
959	33
1074	33
1070	33
1228	33
1002	33
999	33
998	33
1211	33
1073	33
1171	33
1096	33
1013	33
1012	33
1001	33
1000	33
994	33
995	33
1008	33
1003	33
1005	33
1102	33
1056	33
956	33
1055	33
1406	33
1051	33
992	33
1004	33
1050	33
1009	33
1053	33
1010	33
986	33
1232	33
953	34
981	34
1155	34
1154	34
1296	34
1037	34
1038	34
1040	34
1036	34
1035	34
1039	34
929	-1
1360	35
1358	35
1362	35
1367	35
1359	35
1364	35
1355	35
1356	35
1365	35
1354	35
1361	35
1363	35
1357	35
1353	35
1352	35
1366	35
1159	36
1269	36
1317	36
1318	36
1234	36
1235	36
1264	36
1257	36
1258	36
1246	36
1266	36
1260	36
1255	36
1265	36
1243	36
1241	36
1242	36
1263	36
1236	36
1245	36
1240	36
1267	36
1247	36
1244	36
1250	36
1261	36
1248	36
1417	36
1256	36
1259	36
1239	36
1262	36
1251	36
1253	36
1254	36
1268	36
1373	36
1252	36
1249	36
1162	37
1168	37
1160	37
1349	37
1158	37
1165	37
1386	37
1161	37
1388	37
1167	37
1164	37
1383	37
1169	37
1163	37
1166	37
974	38
977	38
976	38
1156	38
1237	38
1157	38
1426	39
1430	39
1434	39
1429	39
1428	39
1432	39
1433	39
1431	39
1488	-1
1485	40
1486	40
1487	40
1484	40
1483	40
1482	40
1480	41
1475	41
1470	41
1478	41
1466	41
1471	41
1464	41
1476	41
1467	41
1468	41
1490	41
1474	41
1472	41
1473	41
1469	41
1479	41
1477	41
1465	41
1489	41
1481	41
