SequenceName	ClusterNumber
1528	1
1705	1
1568	1
1711	1
1540	1
1702	1
1567	1
1564	1
1534	1
1526	1
1706	1
1708	1
1914	1
1569	1
1536	1
1524	1
1525	1
1531	1
1537	1
1718	1
1570	1
1566	1
1565	1
1533	1
1532	1
1530	1
1523	1
1538	1
1527	1
1529	1
1539	1
1535	1
1578	2
1579	2
1291	2
1305	2
1300	2
1306	2
1297	2
1296	2
1292	2
1301	2
1304	2
1293	2
1295	2
1298	2
1294	2
1303	2
1299	2
1302	2
1493	3
1494	3
1495	3
1519	3
1719	3
1505	3
1649	3
1660	3
1503	3
1504	3
1653	3
1651	3
1511	3
1654	3
1648	3
1703	4
1698	4
1652	4
1713	4
1904	4
1510	4
1522	4
1921	4
1925	4
1518	4
1520	4
1515	4
1521	4
1508	4
1497	4
1492	4
1509	4
1513	4
1517	4
1491	4
1512	4
1516	4
1502	4
1501	4
1507	4
1506	4
1500	4
1499	4
1498	4
1592	5
1551	5
1277	5
1279	5
1276	5
1278	5
1624	6
1617	6
1514	6
1496	6
1650	6
1900	7
1894	7
1899	7
1889	7
1901	7
1898	7
1895	7
1893	7
1897	7
1902	7
1896	7
1845	8
1851	8
1813	8
1843	8
1866	8
1846	8
1863	8
1854	8
1753	8
1751	8
1849	8
1869	8
1792	8
1868	8
1850	8
1848	8
1865	8
1862	8
1864	8
1859	8
1892	8
1860	8
1861	8
1844	8
1806	8
1903	9
1842	9
1749	9
1755	9
1784	9
1790	9
1794	9
1747	9
1800	9
1821	9
1816	9
1805	9
1807	9
1795	9
1930	9
1822	9
1855	9
1820	9
1811	9
1814	9
1779	9
1762	9
1797	9
1815	9
1817	9
1823	9
1872	9
1759	9
1778	9
1819	9
1752	9
1750	9
1764	9
1771	9
1783	9
1786	9
1785	9
1818	9
1812	9
1776	9
1772	9
1769	9
1748	9
1770	9
1766	9
1782	9
1765	9
1754	9
1746	9
1757	9
1781	9
1763	9
1756	9
1745	9
1774	9
1758	9
1761	9
1931	9
1929	9
1796	9
1775	9
1768	9
1767	9
1920	9
1871	9
1760	9
1853	9
1788	9
1808	9
1793	9
1789	9
1810	9
1777	9
1791	9
1802	9
1799	9
1744	9
1773	9
1780	9
1787	9
1803	9
1809	9
1804	9
1801	9
1873	9
1880	9
1852	10
1887	10
1798	10
1847	10
1888	10
1891	10
1890	10
1709	-1
1699	11
1828	11
1829	11
1827	11
1830	11
1840	12
1839	12
1838	12
1837	12
1836	12
1927	12
1926	12
1834	12
1835	12
890	13
889	13
1710	14
1923	14
1542	14
1614	14
1368	14
1371	14
1372	14
1369	14
1375	14
1377	14
1374	14
1370	14
1364	14
1373	14
1365	14
1366	14
1376	14
1367	14
885	15
1281	15
470	16
420	16
859	16
787	16
683	16
474	16
1355	16
802	16
765	16
814	16
796	16
858	16
670	16
440	16
794	16
863	16
857	16
789	16
453	16
871	16
872	16
1186	16
430	16
423	16
795	16
793	16
448	16
457	16
1207	16
469	16
1550	16
455	16
870	16
869	16
1252	16
809	16
781	16
897	16
1343	16
625	16
1356	16
785	16
807	16
447	16
806	16
449	16
803	16
441	16
437	16
460	16
805	16
442	16
438	16
667	16
791	16
783	16
772	16
775	16
779	16
799	16
784	16
774	16
734	17
788	17
678	17
786	17
1348	17
675	17
674	17
681	17
769	17
760	17
738	17
682	17
771	17
673	17
680	17
679	17
753	17
778	17
757	17
1331	17
773	17
750	17
736	17
735	17
777	17
780	17
741	17
782	17
740	17
732	17
762	17
759	17
798	17
801	17
764	17
737	17
731	17
749	17
747	17
770	17
797	17
758	17
756	17
744	17
733	17
808	17
730	17
739	17
767	17
746	17
752	17
776	17
755	17
754	17
745	17
768	17
766	17
763	17
743	17
751	17
748	17
761	17
1328	17
1335	17
1323	17
1722	17
1334	17
1336	17
1338	17
1360	17
1272	17
1332	17
810	18
429	18
663	18
669	18
451	18
1340	18
458	18
454	18
463	18
472	18
475	18
668	18
812	18
473	18
862	18
476	18
446	18
860	18
861	18
811	18
813	18
742	18
1324	18
815	18
445	18
792	18
1337	18
444	18
790	18
816	18
685	18
892	18
893	18
466	18
468	18
800	18
677	18
456	18
684	18
817	18
1121	19
1120	19
421	19
1362	19
948	19
1273	19
1004	19
1003	19
1469	19
1274	19
690	19
548	19
549	19
1391	19
462	19
439	19
688	19
553	19
665	19
666	19
427	19
1330	19
686	19
1062	19
400	19
450	19
689	19
556	19
557	19
547	19
554	19
1225	19
465	19
425	19
414	19
405	19
407	19
434	19
1203	19
426	19
555	19
443	19
428	19
1329	19
1202	19
1422	19
1312	19
1613	19
1285	19
433	19
1079	19
929	19
930	19
928	19
697	19
691	19
550	19
1230	19
1339	19
452	19
435	19
1229	19
1201	19
1227	19
1380	19
1000	19
951	19
1833	19
459	19
676	19
417	19
432	19
436	19
932	19
931	19
696	19
1244	19
552	19
1236	19
1378	19
1325	19
1208	19
1001	19
418	19
687	19
698	19
693	19
558	19
551	19
1235	19
415	19
1068	19
1233	19
1231	19
401	19
694	19
1243	19
1070	19
408	19
412	19
692	19
1237	19
1238	19
1232	19
431	19
399	19
403	19
424	19
404	19
1069	19
695	19
1234	19
413	19
896	19
406	19
411	19
416	19
1357	19
1358	19
402	19
409	19
410	19
956	20
1352	20
1353	20
1351	20
1350	20
1658	20
1712	20
1657	20
1659	20
1396	20
1399	20
1401	20
1397	20
1400	20
1398	20
960	21
958	21
964	21
972	21
965	21
961	21
982	21
970	21
979	21
1284	21
985	21
969	21
971	21
984	21
1326	21
727	21
717	21
988	21
980	21
963	21
962	21
955	21
968	21
700	21
1309	21
974	21
989	21
978	21
959	21
975	21
986	21
976	21
967	21
722	21
711	21
611	21
946	21
701	21
709	21
723	21
724	21
977	21
710	21
703	21
720	21
708	21
981	21
973	21
704	21
707	21
713	21
705	21
715	21
714	21
659	21
716	21
699	21
712	21
873	21
721	21
706	21
945	21
702	21
719	21
1310	21
1349	21
726	21
718	21
725	21
1199	21
1200	21
952	21
950	21
1311	22
1267	22
957	22
1403	22
1402	22
966	22
987	22
983	22
990	22
994	22
992	22
368	22
1282	22
993	22
991	22
380	22
1210	22
1266	22
367	22
1222	22
600	23
571	23
635	23
639	23
638	23
595	23
582	23
649	23
647	23
653	23
1553	23
641	23
627	23
656	23
605	23
652	23
644	23
573	23
560	23
578	23
561	23
570	23
562	23
585	23
601	23
598	23
564	23
609	23
613	23
621	23
637	23
648	23
617	23
631	23
1333	23
596	23
568	23
563	23
608	23
602	23
576	23
610	23
616	23
599	23
579	23
606	23
612	23
577	23
651	23
1379	23
572	23
650	23
640	23
603	23
597	23
620	23
575	23
645	23
642	23
633	23
624	23
618	23
632	23
655	23
614	23
565	23
643	23
591	23
1119	23
622	23
1290	23
646	23
581	23
628	23
583	23
636	23
623	23
629	23
634	23
604	23
580	23
1216	23
584	23
626	23
630	23
615	23
1008	23
607	23
619	23
559	23
654	23
1287	23
592	23
569	23
594	23
658	23
586	23
574	23
566	23
657	23
1009	23
1245	23
587	23
1354	23
567	23
589	23
144	24
131	24
154	24
191	24
123	24
98	24
170	24
1217	24
106	24
140	24
110	24
109	24
1220	24
1219	24
167	24
108	24
1262	24
130	24
157	24
141	24
195	24
529	24
112	24
117	24
1466	24
1467	24
102	24
1194	24
1488	24
1593	24
132	24
532	24
1190	24
1191	24
1192	24
1189	24
1195	24
1193	24
183	25
1694	25
1221	25
190	25
1308	25
1307	25
151	26
121	26
166	26
136	26
171	26
159	26
76	26
180	26
137	26
926	26
162	26
147	26
153	27
158	27
1071	27
200	27
126	27
996	27
127	27
530	27
172	27
194	27
185	27
197	27
186	27
1559	27
133	27
247	28
173	28
72	28
31	28
81	28
192	28
163	28
176	28
97	28
29	28
80	28
1184	28
92	28
1183	28
242	28
93	28
143	28
178	28
850	28
1241	28
13	28
160	28
124	28
56	28
63	29
1197	29
105	29
164	29
139	29
142	29
150	29
165	29
148	29
934	29
187	29
177	29
179	29
1714	29
122	29
1074	29
113	29
134	29
120	29
116	29
149	29
161	29
182	29
533	29
128	29
1218	29
1012	29
174	29
199	29
935	29
1228	29
41	30
1011	30
895	30
36	30
118	30
1	30
96	30
198	30
22	30
91	30
729	30
71	30
75	30
51	30
70	30
69	30
6	30
54	30
923	30
868	30
156	30
38	30
85	30
49	30
1063	30
855	30
94	30
119	30
53	30
103	30
16	30
1010	30
104	30
26	30
74	30
43	30
79	30
848	30
867	30
728	30
52	30
546	30
240	30
239	30
83	30
59	30
62	30
55	30
138	31
42	31
188	31
152	31
129	31
48	31
228	31
73	31
86	31
849	31
50	31
46	31
67	31
218	31
924	31
114	31
145	31
107	31
61	31
125	31
1007	31
175	31
1078	31
27	31
115	31
135	31
47	31
23	31
40	31
111	31
925	31
672	31
231	31
227	31
234	31
146	31
78	31
212	31
236	31
235	31
237	31
181	31
39	31
671	31
221	31
77	31
1223	31
1211	31
89	31
169	31
82	31
193	31
238	31
88	31
316	32
255	32
307	32
317	32
348	32
311	32
310	32
305	32
294	32
953	32
263	32
334	32
322	32
350	32
346	32
319	32
340	32
321	32
344	32
335	32
308	32
349	32
341	32
339	32
337	32
275	32
333	32
289	32
351	32
303	32
338	32
265	32
330	32
304	32
342	32
345	32
347	32
281	32
332	32
252	32
300	32
320	32
268	32
269	32
276	32
291	32
273	32
296	32
1073	32
312	32
262	32
306	32
267	32
314	32
253	32
266	32
264	32
251	32
272	32
261	32
270	32
937	32
257	32
279	32
282	32
315	32
299	32
286	32
274	32
302	32
280	32
283	32
258	32
295	32
309	32
287	32
293	32
900	32
278	32
284	32
285	32
327	33
894	33
328	33
329	33
323	33
995	33
343	33
324	33
290	33
851	33
313	33
260	33
288	33
301	33
254	33
256	33
259	33
1147	34
1621	34
1159	35
1151	35
1144	35
1163	35
1178	35
1175	35
1155	35
1182	35
1181	35
1176	35
1177	35
1145	35
1134	35
1123	35
1138	35
1169	35
1173	35
1165	35
1128	35
1125	35
1162	35
1133	35
1129	35
1127	35
1166	35
1164	35
1179	35
1152	35
1137	35
1126	35
1170	35
1122	35
1167	35
1161	35
1132	35
1148	35
1174	35
1171	35
1168	35
1153	35
1158	35
1172	35
1156	35
1160	35
1154	35
1143	35
1146	35
1149	35
1124	35
1142	35
1139	35
1157	35
1135	35
1136	35
1131	35
1140	35
1141	35
1150	35
1180	35
10	36
1075	36
1130	36
0	37
3	37
24	37
5	37
1635	38
1599	38
1600	38
1638	38
1637	38
1636	38
1634	38
1626	39
1642	39
1641	39
1643	39
1671	40
1857	40
1858	40
1881	40
1675	40
1672	40
1664	40
1882	40
1883	40
1676	40
1674	40
1667	40
1666	40
1665	40
1679	40
1678	40
1670	40
1673	40
1677	40
1681	40
1668	40
1669	40
1680	40
1682	40
1876	41
1824	41
1688	41
1875	41
1725	41
1729	41
1726	41
1728	41
1724	41
1727	41
1737	41
1733	41
1730	41
1732	41
1731	41
1735	41
1734	41
1743	41
1738	41
1741	41
1742	41
1736	41
1740	41
1739	41
1640	42
1692	42
1691	42
1690	42
1639	42
1874	42
1870	42
1684	42
1595	42
1632	42
1885	42
1596	42
1597	42
1689	42
1598	42
1717	42
1856	42
1685	42
1631	42
1695	42
1687	42
1686	42
1877	42
1633	42
1696	42
1697	42
1879	42
1878	42
1601	42
1602	42
1594	42
1603	42
1630	42
1629	42
1721	42
1826	43
1937	43
1912	43
1933	43
1905	43
1936	43
1932	43
1906	43
1907	43
1934	43
1935	43
1909	43
1908	43
1910	43
1911	43
1644	44
2	44
361	44
1288	44
1289	44
12	45
34	45
1076	45
1005	45
1006	45
30	45
393	45
25	45
1723	45
933	45
396	45
394	45
395	45
19	45
21	45
941	46
360	46
355	46
353	46
11	46
205	46
245	46
354	46
202	46
214	46
206	46
203	46
37	47
225	47
219	47
216	47
209	47
357	47
362	47
20	47
201	47
204	47
95	47
223	47
947	47
220	47
356	47
363	47
358	47
1271	47
230	47
35	47
233	47
84	47
250	47
542	47
543	47
44	47
155	47
213	47
207	47
222	47
229	47
168	47
60	47
28	47
232	47
544	47
226	47
1405	47
33	47
246	47
398	47
359	47
14	47
215	47
249	47
531	47
244	47
248	47
545	47
224	47
99	47
208	47
211	47
210	47
15	48
501	48
514	48
524	48
521	48
241	48
488	48
507	48
526	48
486	48
512	48
499	48
485	48
484	48
497	48
481	48
513	48
523	48
502	48
527	48
489	48
1663	48
515	48
520	48
519	48
490	48
510	48
518	48
498	48
504	48
189	48
482	48
1077	48
492	48
505	48
506	48
856	48
525	48
517	48
483	48
522	48
493	48
496	48
480	48
511	48
508	48
509	48
528	48
494	48
500	48
516	48
491	48
487	48
503	48
495	48
1064	49
58	49
7	49
392	49
1061	49
936	49
1067	49
927	49
922	49
243	49
391	49
865	49
854	49
949	49
292	49
326	49
336	49
100	49
4	49
864	49
1275	49
874	49
318	49
325	49
477	49
18	49
17	49
8	49
852	49
853	49
1066	49
1065	49
866	49
942	49
271	49
277	49
478	49
385	49
217	49
397	49
419	49
298	49
297	49
331	50
101	50
1628	50
1574	50
593	51
32	51
944	51
588	51
999	51
374	51
365	51
590	51
660	51
364	51
998	51
997	51
65	51
9	51
87	51
379	51
57	51
90	51
375	51
1212	51
378	51
66	51
479	51
64	51
382	51
366	51
377	51
68	51
1060	51
376	51
371	51
372	51
1247	51
369	51
373	51
370	51
943	51
1072	51
381	51
1002	52
887	52
882	52
883	52
886	52
804	53
1573	53
467	53
1239	53
464	53
471	53
461	53
422	53
45	53
1240	53
1700	53
1255	53
1253	53
1084	53
387	53
389	53
891	53
1693	53
196	53
388	53
1576	53
1572	53
184	53
1187	53
390	53
664	53
1915	54
1547	54
1647	54
1646	54
1472	54
1558	54
1831	54
1254	54
1256	54
839	55
821	55
836	55
842	55
843	55
832	55
837	55
841	55
827	55
822	55
845	55
840	55
825	55
835	55
846	55
828	55
829	55
830	55
833	55
826	55
1286	55
824	55
823	55
384	56
662	56
1214	56
875	56
1928	56
352	56
880	56
878	56
1213	56
876	56
879	56
877	56
847	57
1832	57
1251	57
1250	57
1103	58
1015	58
1017	58
1118	58
1092	58
1018	58
1016	58
1040	58
1322	58
1034	58
1026	58
1315	58
1117	58
1022	58
1021	58
1108	58
1088	58
1093	58
1104	58
1090	58
1023	58
1020	58
1019	58
1024	58
1107	58
1110	58
1321	58
1046	58
1206	58
1027	58
1029	58
1028	58
1319	58
1112	58
1204	58
1317	58
1316	58
1313	58
1314	58
1097	58
1318	58
1320	58
1099	58
1094	58
1106	58
1100	58
1096	58
1109	58
1101	58
1102	58
1095	58
1098	58
1105	58
1205	59
1041	59
1036	59
1089	59
1039	59
1341	59
1038	59
1031	59
1033	59
1116	59
1091	59
1111	59
1025	59
1035	59
1113	59
1342	59
1114	59
1475	59
1030	59
1476	59
1032	60
1037	60
1048	60
1045	60
1055	60
1054	60
1363	60
1052	60
1058	60
1050	60
1056	60
1059	60
1013	60
1047	60
1057	60
1327	60
1014	60
1261	60
1115	60
1043	60
1042	60
1049	60
1044	60
1053	60
1051	60
918	61
386	61
898	61
913	61
904	61
911	61
912	61
914	61
915	61
906	61
921	61
907	61
919	61
920	61
916	61
917	61
903	61
909	61
902	61
901	61
905	61
908	61
1478	62
1477	62
1479	62
1404	63
535	63
536	63
534	63
1246	63
539	63
538	63
1283	63
541	63
1922	63
1087	63
1381	63
1086	63
1085	63
1198	64
1280	64
1265	64
1344	64
1393	64
537	64
1468	64
1382	64
1471	64
1249	64
1546	64
1394	64
1545	64
1385	64
1420	64
1384	64
1552	64
1359	64
1419	64
1421	64
1487	64
1548	64
1383	64
1544	64
1387	64
1389	64
1390	64
1386	64
1623	64
1388	64
1268	65
540	65
1242	65
1185	65
1417	66
1410	66
1411	66
1418	66
1415	66
1416	66
1408	66
1406	66
1413	66
1412	66
1414	66
1409	66
1611	66
1448	66
1452	66
1450	66
1627	66
1435	66
1442	66
1612	66
1439	66
1441	66
1440	66
1458	66
1463	66
1461	66
1459	66
1445	66
1438	66
1430	66
1446	66
1453	66
1455	66
1622	66
1457	66
1464	66
1443	66
1447	66
1431	66
1456	66
1465	66
1583	66
1582	66
1428	66
1426	66
1571	66
1454	66
1429	66
1451	66
1433	66
1437	66
1449	66
1407	66
1436	66
1424	66
1584	66
1444	66
1434	66
1427	66
1432	66
1460	66
1425	66
1462	66
1423	66
1554	67
1481	67
1483	67
1484	67
1482	67
1683	68
1715	68
1720	68
1886	69
1560	69
1561	69
1701	69
1615	69
1913	69
1562	69
1716	69
1581	69
1661	69
1662	69
1618	69
1619	69
1645	69
1586	69
1587	69
1609	69
1616	69
1480	69
1620	69
1473	69
1575	69
1543	69
1655	69
1577	69
1610	69
1704	69
1490	69
1489	69
1590	69
1825	69
1884	69
1591	69
1588	69
1589	69
383	70
1392	70
1541	70
1209	70
1361	70
1395	70
954	70
1248	70
1081	70
1226	70
1083	70
1269	70
1270	70
1080	70
1082	70
939	71
661	71
940	71
938	71
1196	71
910	71
899	71
838	72
820	72
831	72
1264	72
1580	72
844	72
819	72
834	72
818	72
1470	72
1656	72
1474	72
1563	72
1346	72
1585	72
1625	72
1347	72
1345	72
1549	72
1486	72
1924	72
1555	72
1485	72
1557	72
1556	72
1224	73
1215	73
1188	73
1607	73
1608	73
1707	73
1259	73
1258	73
1257	73
1260	73
1605	74
1841	74
1867	75
888	75
881	75
884	75
1604	76
1606	76
1917	76
1916	76
1263	76
1918	76
1919	76
